proguard/seeds.txt
com.ninetwozero.internationumber.activities.AboutActivity
com.ninetwozero.internationumber.activities.AboutActivity: AboutActivity()
com.ninetwozero.internationumber.activities.BackupActivity
com.ninetwozero.internationumber.activities.BackupActivity: BackupActivity()
com.ninetwozero.internationumber.activities.ConvertActivity
com.ninetwozero.internationumber.activities.ConvertActivity: ConvertActivity()
com.ninetwozero.internationumber.activities.CustomFragmentActivity: CustomFragmentActivity()
com.ninetwozero.internationumber.activities.HelpActivity
com.ninetwozero.internationumber.activities.HelpActivity: HelpActivity()
com.ninetwozero.internationumber.activities.MainActivity
com.ninetwozero.internationumber.activities.MainActivity: MainActivity()
com.ninetwozero.internationumber.database.AppContentProvider
com.ninetwozero.internationumber.database.AppContentProvider: AppContentProvider()
com.ninetwozero.internationumber.widgets.CheckedRelativeLayout
com.ninetwozero.internationumber.widgets.CheckedRelativeLayout: CheckedRelativeLayout(android.content.Context)
com.ninetwozero.internationumber.widgets.CheckedRelativeLayout: CheckedRelativeLayout(android.content.Context,android.util.AttributeSet)
com.ninetwozero.internationumber.widgets.CheckedRelativeLayout: CheckedRelativeLayout(android.content.Context,android.util.AttributeSet,int)
com.ninetwozero.internationumber.widgets.NoSwipeViewPager
com.ninetwozero.internationumber.widgets.NoSwipeViewPager: NoSwipeViewPager(android.content.Context,android.util.AttributeSet)
...
com.actionbarsherlock.internal.widget.ActionBarView$1
com.actionbarsherlock.internal.widget.ActionBarView$1: com.actionbarsherlock.internal.widget.ActionBarView this$0
com.actionbarsherlock.internal.widget.ActionBarView$1: ActionBarView$1(com.actionbarsherlock.internal.widget.ActionBarView)
com.actionbarsherlock.internal.widget.ActionBarView$1: void onItemSelected(com.actionbarsherlock.internal.widget.IcsAdapterView,android.view.View,int,long)
com.actionbarsherlock.internal.widget.ActionBarView$1: void onNothingSelected(com.actionbarsherlock.internal.widget.IcsAdapterView)
com.actionbarsherlock.internal.widget.ActionBarView$2
com.actionbarsherlock.internal.widget.ActionBarView$2: com.actionbarsherlock.internal.widget.ActionBarView this$0
com.actionbarsherlock.internal.widget.ActionBarView$2: ActionBarView$2(com.actionbarsherlock.internal.widget.ActionBarView)
com.actionbarsherlock.internal.widget.ActionBarView$2: void onClick(android.view.View)
com.actionbarsherlock.internal.widget.ActionBarView$3
com.actionbarsherlock.internal.widget.ActionBarView$3: com.actionbarsherlock.internal.widget.ActionBarView this$0
com.actionbarsherlock.internal.widget.ActionBarView$3: ActionBarView$3(com.actionbarsherlock.internal.widget.ActionBarView)
com.actionbarsherlock.internal.widget.ActionBarView$3: void onClick(android.view.View)
com.actionbarsherlock.internal.widget.ActionBarView$ExpandedActionViewMenuPresenter
com.actionbarsherlock.internal.widget.ActionBarView$ExpandedActionViewMenuPresenter: com.actionbarsherlock.internal.view.menu.MenuBuilder mMenu
com.actionbarsherlock.internal.widget.ActionBarView$ExpandedActionViewMenuPresenter: com.actionbarsherlock.internal.view.menu.MenuItemImpl mCurrentExpandedItem
com.actionbarsherlock.internal.widget.ActionBarView$ExpandedActionViewMenuPresenter: com.actionbarsherlock.internal.widget.ActionBarView this$0
com.actionbarsherlock.internal.widget.ActionBarView$ExpandedActionViewMenuPresenter: ActionBarView$ExpandedActionViewMenuPresenter(com.actionbarsherlock.internal.widget.ActionBarView)
com.actionbarsherlock.internal.widget.ActionBarView$ExpandedActionViewMenuPresenter: void initForMenu(android.content.Context,com.actionbarsherlock.internal.view.menu.MenuBuilder)
com.actionbarsherlock.internal.widget.ActionBarView$ExpandedActionViewMenuPresenter: com.actionbarsherlock.internal.view.menu.MenuView getMenuView(android.view.ViewGroup)
com.actionbarsherlock.internal.widget.ActionBarView$ExpandedActionViewMenuPresenter: void updateMenuView(boolean)
com.actionbarsherlock.internal.widget.ActionBarView$ExpandedActionViewMenuPresenter: void setCallback(com.actionbarsherlock.internal.view.menu.MenuPresenter$Callback)