proguard/mapping.txt
com.ninetwozero.internationumber.activities.AboutActivity -> com.ninetwozero.internationumber.activities.AboutActivity:
    java.util.List mFragments -> a
    com.ninetwozero.internationumber.adapters.ViewPagerAdapter mAdapter -> b
    android.support.v4.view.ViewPager mViewPager -> c
    void onCreate(android.os.Bundle) -> onCreate
    void onTabSelected(com.actionbarsherlock.app.ActionBar$Tab,android.support.v4.app.FragmentTransaction) -> onTabSelected
    void onTabUnselected(com.actionbarsherlock.app.ActionBar$Tab,android.support.v4.app.FragmentTransaction) -> onTabUnselected
    void onTabReselected(com.actionbarsherlock.app.ActionBar$Tab,android.support.v4.app.FragmentTransaction) -> onTabReselected
    void onMenuPressHome(int) -> a
    void onConfigurationChanged(android.content.res.Configuration) -> onConfigurationChanged
com.ninetwozero.internationumber.activities.AboutActivity$1 -> com.ninetwozero.internationumber.activities.a:
    com.actionbarsherlock.app.ActionBar val$actionBar -> a
    void onPageSelected(int) -> onPageSelected
com.ninetwozero.internationumber.activities.BackupActivity -> com.ninetwozero.internationumber.activities.BackupActivity:
    com.ninetwozero.internationumber.fragments.BackupListFragment mBackupFragment -> a
    void onCreate(android.os.Bundle) -> onCreate
    boolean onCreateOptionsMenu(com.actionbarsherlock.view.Menu) -> onCreateOptionsMenu
    boolean onOptionsItemSelected(com.actionbarsherlock.view.MenuItem) -> onOptionsItemSelected
    void onMenuPressHome(int) -> a
    void onConfigurationChanged(android.content.res.Configuration) -> onConfigurationChanged
com.ninetwozero.internationumber.activities.ConvertActivity -> com.ninetwozero.internationumber.activities.ConvertActivity:
    java.util.List mFragments -> a
    com.ninetwozero.internationumber.widgets.NoSwipeViewPager mViewPager -> b
    com.ninetwozero.internationumber.datatypes.Country mCountry -> c
    void onCreate(android.os.Bundle) -> onCreate
    boolean onCreateOptionsMenu(com.actionbarsherlock.view.Menu) -> onCreateOptionsMenu
    boolean onPrepareOptionsMenu(com.actionbarsherlock.view.Menu) -> onPrepareOptionsMenu
    boolean onOptionsItemSelected(com.actionbarsherlock.view.MenuItem) -> onOptionsItemSelected
    void onMenuPressHome(int) -> a
    void updateHomeButton() -> a
    void onConfigurationChanged(android.content.res.Configuration) -> onConfigurationChanged
    boolean onKeyDown(int,android.view.KeyEvent) -> onKeyDown
com.ninetwozero.internationumber.activities.CustomFragmentActivity -> com.ninetwozero.internationumber.activities.b:
    boolean onOptionsItemSelected(com.actionbarsherlock.view.MenuItem) -> onOptionsItemSelected
    void onMenuPressHome(int) -> a
    void onSaveInstanceState(android.os.Bundle) -> onSaveInstanceState
    void onRestoreInstanceState(android.os.Bundle) -> onRestoreInstanceState
com.ninetwozero.internationumber.activities.HelpActivity -> com.ninetwozero.internationumber.activities.HelpActivity:
    java.util.List mFragments -> a
    com.ninetwozero.internationumber.adapters.ViewPagerAdapter mAdapter -> b
    android.support.v4.view.ViewPager mViewPager -> c
    void onCreate(android.os.Bundle) -> onCreate
    void onTabSelected(com.actionbarsherlock.app.ActionBar$Tab,android.support.v4.app.FragmentTransaction) -> onTabSelected
    void onTabUnselected(com.actionbarsherlock.app.ActionBar$Tab,android.support.v4.app.FragmentTransaction) -> onTabUnselected
    void onTabReselected(com.actionbarsherlock.app.ActionBar$Tab,android.support.v4.app.FragmentTransaction) -> onTabReselected
    void onMenuPressHome(int) -> a
    void onConfigurationChanged(android.content.res.Configuration) -> onConfigurationChanged
com.ninetwozero.internationumber.activities.HelpActivity$1 -> com.ninetwozero.internationumber.activities.c:
    com.actionbarsherlock.app.ActionBar val$actionBar -> a
    void onPageSelected(int) -> onPageSelected
...
com.actionbarsherlock.internal.view.menu.ActionMenuPresenter$HasPermanentMenuKey -> com.actionbarsherlock.internal.view.menu.ActionMenuPresenter$HasPermanentMenuKey:
    boolean get(android.content.Context) -> get
com.actionbarsherlock.internal.view.menu.ActionMenuPresenter$OpenOverflowRunnable -> com.actionbarsherlock.internal.view.menu.ActionMenuPresenter$OpenOverflowRunnable:
    com.actionbarsherlock.internal.view.menu.ActionMenuPresenter$OverflowPopup mPopup -> mPopup
    com.actionbarsherlock.internal.view.menu.ActionMenuPresenter this$0 -> this$0
    void run() -> run
com.actionbarsherlock.internal.view.menu.ActionMenuPresenter$OverflowMenuButton -> com.actionbarsherlock.internal.view.menu.ActionMenuPresenter$OverflowMenuButton:
    java.util.Set mListeners -> mListeners
    com.actionbarsherlock.internal.view.menu.ActionMenuPresenter this$0 -> this$0
    boolean performClick() -> performClick
    boolean needsDividerBefore() -> needsDividerBefore
    boolean needsDividerAfter() -> needsDividerAfter
    void onAttachedToWindow() -> onAttachedToWindow
    void onDetachedFromWindow() -> onDetachedFromWindow
    void addOnAttachStateChangeListener(com.actionbarsherlock.internal.view.View_OnAttachStateChangeListener) -> addOnAttachStateChangeListener
    void removeOnAttachStateChangeListener(com.actionbarsherlock.internal.view.View_OnAttachStateChangeListener) -> removeOnAttachStateChangeListener
com.actionbarsherlock.internal.view.menu.ActionMenuPresenter$OverflowPopup -> com.actionbarsherlock.internal.view.menu.ActionMenuPresenter$OverflowPopup:
    com.actionbarsherlock.internal.view.menu.ActionMenuPresenter this$0 -> this$0
    void onDismiss() -> onDismiss
com.actionbarsherlock.internal.view.menu.ActionMenuPresenter$PopupPresenterCallback -> com.actionbarsherlock.internal.view.menu.ActionMenuPresenter$PopupPresenterCallback:
    com.actionbarsherlock.internal.view.menu.ActionMenuPresenter this$0 -> this$0
    boolean onOpenSubMenu(com.actionbarsherlock.internal.view.menu.MenuBuilder) -> onOpenSubMenu
    void onCloseMenu(com.actionbarsherlock.internal.view.menu.MenuBuilder,boolean) -> onCloseMenu
com.actionbarsherlock.internal.view.menu.ActionMenuPresenter$SavedState -> com.actionbarsherlock.internal.view.menu.ActionMenuPresenter$SavedState:
    int openSubMenuId -> openSubMenuId
    android.os.Parcelable$Creator CREATOR -> CREATOR
    int describeContents() -> describeContents
    void writeToParcel(android.os.Parcel,int) -> writeToParcel
com.actionbarsherlock.internal.view.menu.ActionMenuPresenter$SavedState$1 -> com.actionbarsherlock.internal.view.menu.ActionMenuPresenter$SavedState$1:
    com.actionbarsherlock.internal.view.menu.ActionMenuPresenter$SavedState createFromParcel(android.os.Parcel) -> createFromParcel
    com.actionbarsherlock.internal.view.menu.ActionMenuPresenter$SavedState[] newArray(int) -> newArray
    java.lang.Object createFromParcel(android.os.Parcel) -> createFromParcel
    java.lang.Object[] newArray(int) -> newArray