proguard/usage.txt
com.ninetwozero.internationumber.BuildConfig
com.ninetwozero.internationumber.Internationumber
com.ninetwozero.internationumber.R
com.ninetwozero.internationumber.R$attr
com.ninetwozero.internationumber.R$bool
com.ninetwozero.internationumber.R$color
com.ninetwozero.internationumber.R$dimen
com.ninetwozero.internationumber.R$drawable
com.ninetwozero.internationumber.R$id
com.ninetwozero.internationumber.R$integer
com.ninetwozero.internationumber.R$layout
com.ninetwozero.internationumber.R$menu
com.ninetwozero.internationumber.R$string
com.ninetwozero.internationumber.R$style
com.ninetwozero.internationumber.R$styleable
com.ninetwozero.internationumber.activities.BackupActivity:
    private static final java.lang.String TAG
com.ninetwozero.internationumber.activities.ConvertActivity:
    private static final java.lang.String TAG
com.ninetwozero.internationumber.adapters.AbstractCursorListAdapter:
    30:30:public final android.view.View findView(android.view.View,int)
    34:35:public final void setText(android.view.View,int,int)
    42:43:public final void setText(android.widget.TextView,java.lang.String)
    65:66:public final void redraw()
com.ninetwozero.internationumber.adapters.AbstractListAdapter:
    34:35:public final void setText(android.view.View,int,int)
    38:39:public final void setText(android.view.View,int,java.lang.String)
    public abstract long getItemId(int)
    public abstract android.view.View getView(int,android.view.View,android.view.ViewGroup)
com.ninetwozero.internationumber.adapters.BackupListAdapter:
    private static final java.lang.String TAG
com.ninetwozero.internationumber.adapters.ContactListAdapter:
    private static final java.lang.String TAG
com.ninetwozero.internationumber.database.UriFactory:
    7:7:public UriFactory()
com.ninetwozero.internationumber.database.UriFactory$URI_CODES
com.ninetwozero.internationumber.database.UriFactory$URI_PATH
com.ninetwozero.internationumber.database.entities.BackupDataConverter:
    28:34:public android.content.ContentValues toContentValues(com.ninetwozero.internationumber.datatypes.Backup)
    39:44:public android.content.ContentValues[] toContentValueArray(java.util.List)
    1:1:public bridge synthetic android.content.ContentValues toContentValues(java.lang.Object)
com.ninetwozero.internationumber.database.entities.BackupDataConverter$Columns
com.ninetwozero.internationumber.database.entities.ContactDataConverter:
    24:28:public android.content.ContentValues toContentValues(com.ninetwozero.internationumber.datatypes.Contact)
    32:42:public android.content.ContentValues[] toContentValueArray(java.util.List)
    1:1:public bridge synthetic android.content.ContentValues toContentValues(java.lang.Object)
com.ninetwozero.internationumber.database.entities.ContactDataConverter$Columns
com.ninetwozero.internationumber.database.entities.CountryDataConverter:
    27:32:public android.content.ContentValues toContentValues(com.ninetwozero.internationumber.datatypes.Country)
    37:48:public android.content.ContentValues[] toContentValueArray(java.util.List)
    1:1:public bridge synthetic android.content.ContentValues toContentValues(java.lang.Object)
com.ninetwozero.internationumber.database.entities.CountryDataConverter$Columns
com.ninetwozero.internationumber.database.entities.IDataConverter:
    public abstract android.content.ContentValues toContentValues(java.lang.Object)
    public abstract android.content.ContentValues[] toContentValueArray(java.util.List)
com.ninetwozero.internationumber.datatypes.Country:
    public static final java.lang.String DELIMITER
    15:20:public Country(android.os.Parcel)
    38:38:public java.lang.String getLocale()
    46:46:public java.lang.String getPrefixString()
com.ninetwozero.internationumber.datatypes.CountryUtils:
    4:4:public CountryUtils()
...
android.support.v4.accessibilityservice.AccessibilityServiceInfoCompat
android.support.v4.accessibilityservice.AccessibilityServiceInfoCompat$AccessibilityServiceInfoIcsImpl
android.support.v4.accessibilityservice.AccessibilityServiceInfoCompat$AccessibilityServiceInfoStubImpl
android.support.v4.accessibilityservice.AccessibilityServiceInfoCompat$AccessibilityServiceInfoVersionImpl
android.support.v4.accessibilityservice.AccessibilityServiceInfoCompatIcs
android.support.v4.content.AsyncTaskLoader:
    static final java.lang.String TAG
    static final boolean DEBUG
    103:107:public void setUpdateThrottle(long)
    254:262:public void waitForLoader()
android.support.v4.content.AsyncTaskLoader$LoadTask:
    40:40:static synthetic java.util.concurrent.CountDownLatch access$000(android.support.v4.content.AsyncTaskLoader$LoadTask)
android.support.v4.content.CursorLoader:
    95:97:public CursorLoader(android.content.Context)
    163:163:public android.net.Uri getUri()
    167:168:public void setUri(android.net.Uri)
    171:171:public java.lang.String[] getProjection()
    175:176:public void setProjection(java.lang.String[])
    179:179:public java.lang.String getSelection()
    183:184:public void setSelection(java.lang.String)
    187:187:public java.lang.String[] getSelectionArgs()
    191:192:public void setSelectionArgs(java.lang.String[])
    195:195:public java.lang.String getSortOrder()
    199:200:public void setSortOrder(java.lang.String)
android.support.v4.content.IntentCompat
android.support.v4.content.Loader:
    118:118:public int getId()
android.support.v4.content.LocalBroadcastManager
android.support.v4.content.LocalBroadcastManager$1
android.support.v4.content.LocalBroadcastManager$BroadcastRecord
android.support.v4.content.LocalBroadcastManager$ReceiverRecord
android.support.v4.content.ModernAsyncTask:
    private static final java.lang.String LOG_TAG
    private static final int CORE_POOL_SIZE
    private static final int MAXIMUM_POOL_SIZE
    private static final int KEEP_ALIVE
    private static final int MESSAGE_POST_RESULT
    private static final int MESSAGE_POST_PROGRESS
    106:107:public static void init()
    111:112:public static void setDefaultExecutor(java.util.concurrent.Executor)
    169:169:public final android.support.v4.content.ModernAsyncTask$Status getStatus()
    321:321:public final java.lang.Object get()
    341:341:public final java.lang.Object get(long,java.util.concurrent.TimeUnit)
    371:371:public final varargs android.support.v4.content.ModernAsyncTask execute(java.lang.Object[])
    433:434:public static void execute(java.lang.Runnable)
    451:455:protected final varargs void publishProgress(java.lang.Object[])
android.support.v4.content.ModernAsyncTask$Status:
    89:89:public static android.support.v4.content.ModernAsyncTask$Status valueOf(java.lang.String)
android.support.v4.content.pm.ActivityInfoCompat
android.support.v4.database.DatabaseUtilsCompat
android.support.v4.os.ParcelableCompat:
    26:42:public ParcelableCompat()
android.support.v4.os.ParcelableCompatCreatorHoneycombMR2Stub:
    22:22:ParcelableCompatCreatorHoneycombMR2Stub()
android.support.v4.util.DebugUtils:
    25:25:public DebugUtils()
android.support.v4.util.LruCache
android.support.v4.util.TimeUtils:
    public static final int HUNDRED_DAY_FIELD_LEN
    private static final int SECONDS_PER_MINUTE
    private static final int SECONDS_PER_HOUR
    private static final int SECONDS_PER_DAY
    27:27:public TimeUtils()
    148:152:public static void formatDuration(long,java.lang.StringBuilder)
android.support.v4.view.AccessibilityDelegateCompat
android.support.v4.view.AccessibilityDelegateCompat$AccessibilityDelegateIcsImpl
android.support.v4.view.AccessibilityDelegateCompat$AccessibilityDelegateIcsImpl$1
android.support.v4.view.AccessibilityDelegateCompat$AccessibilityDelegateImpl
android.support.v4.view.AccessibilityDelegateCompat$AccessibilityDelegateStubImpl